<?xml version="1.0" encoding="UTF-8"?>
<testsuite xmlns:xsi="http://www.w3.org/2001/XMLSchema-instance" xsi:noNamespaceSchemaLocation="https://maven.apache.org/surefire/maven-surefire-plugin/xsd/surefire-test-report.xsd" name="musala.repository.DroneRepoImplTest" time="0.007" tests="4" errors="0" skipped="0" failures="0">
  <properties>
[...]
</properties>
  <testcase name="testUpdateDrone" classname="musala.repository.DroneRepoImplTest" time="0.004"/>
  <testcase name="testFindAll" classname="musala.repository.DroneRepoImplTest" time="0"/>
  <testcase name="testFindOne" classname="musala.repository.DroneRepoImplTest" time="0.001"/>
  <testcase name="testSaveDrone" classname="musala.repository.DroneRepoImplTest" time="0"/>
</testsuite>